<?xml version="1.0" encoding="UTF-8"?>
<!-- Generated by org.testng.reporters.JUnitXMLReporter -->
<testsuite ignored="3" hostname="MD" failures="1" tests="1" name="Test" time="4.589" errors="0" timestamp="2025-10-15T07:32:48 BST">
  <testcase classname="testScripts.LoginTest" name="verifyLoginWithValidCredentials" time="1.986">
    <failure type="org.openqa.selenium.ElementClickInterceptedException" message="element click intercepted: Element &amp;lt;input type=&amp;quot;checkbox&amp;quot; id=&amp;quot;remember&amp;quot; class=&amp;quot;ace&amp;quot; name=&amp;quot;remember_me&amp;quot; value=&amp;quot;yes&amp;quot;&amp;gt; is not clickable at point (486, 360). Other element would receive the click: &amp;lt;label for=&amp;quot;remember&amp;quot;&amp;gt;...&amp;lt;/label&amp;gt;
  (Session info: chrome=140.0.7339.208)
Build info: version: &amp;apos;4.34.0&amp;apos;, revision: &amp;apos;707dcb4246*&amp;apos;
System info: os.name: &amp;apos;Windows 11&amp;apos;, os.arch: &amp;apos;amd64&amp;apos;, os.version: &amp;apos;10.0&amp;apos;, java.version: &amp;apos;21.0.7&amp;apos;
Driver info: org.openqa.selenium.chrome.ChromeDriver
Command: [211c4dbd28b02ca745d57ffe019939ea, clickElement {id=f.494DC657206C868C079CB15E5A74311D.d.0DE1A983EF46368DFD420AC3FE53E8D3.e.13}]
Capabilities {acceptInsecureCerts: false, browserName: chrome, browserVersion: 140.0.7339.208, chrome: {chromedriverVersion: 140.0.7339.207 (17230b545fd..., userDataDir: C:\Users\Maria\AppData\Loca...}, fedcm:accounts: true, goog:chromeOptions: {debuggerAddress: localhost:63286}, networkConnectionEnabled: false, pageLoadStrategy: normal, platformName: windows, proxy: Proxy(), se:cdp: ws://localhost:63286/devtoo..., se:cdpVersion: 140.0.7339.208, setWindowRect: true, strictFileInteractability: false, timeouts: {implicit: 0, pageLoad: 300000, script: 30000}, unhandledPromptBehavior: dismiss and notify, webauthn:extension:credBlob: true, webauthn:extension:largeBlob: true, webauthn:extension:minPinLength: true, webauthn:extension:prf: true, webauthn:virtualAuthenticators: true}
Element: [[ChromeDriver: chrome on windows (211c4dbd28b02ca745d57ffe019939ea)] -&amp;gt; id: remember]
Session ID: 211c4dbd28b02ca745d57ffe019939ea">
      <![CDATA[org.openqa.selenium.ElementClickInterceptedException: element click intercepted: Element <input type="checkbox" id="remember" class="ace" name="remember_me" value="yes"> is not clickable at point (486, 360). Other element would receive the click: <label for="remember">...</label>
  (Session info: chrome=140.0.7339.208)
Build info: version: '4.34.0', revision: '707dcb4246*'
System info: os.name: 'Windows 11', os.arch: 'amd64', os.version: '10.0', java.version: '21.0.7'
Driver info: org.openqa.selenium.chrome.ChromeDriver
Command: [211c4dbd28b02ca745d57ffe019939ea, clickElement {id=f.494DC657206C868C079CB15E5A74311D.d.0DE1A983EF46368DFD420AC3FE53E8D3.e.13}]
Capabilities {acceptInsecureCerts: false, browserName: chrome, browserVersion: 140.0.7339.208, chrome: {chromedriverVersion: 140.0.7339.207 (17230b545fd..., userDataDir: C:\Users\Maria\AppData\Loca...}, fedcm:accounts: true, goog:chromeOptions: {debuggerAddress: localhost:63286}, networkConnectionEnabled: false, pageLoadStrategy: normal, platformName: windows, proxy: Proxy(), se:cdp: ws://localhost:63286/devtoo..., se:cdpVersion: 140.0.7339.208, setWindowRect: true, strictFileInteractability: false, timeouts: {implicit: 0, pageLoad: 300000, script: 30000}, unhandledPromptBehavior: dismiss and notify, webauthn:extension:credBlob: true, webauthn:extension:largeBlob: true, webauthn:extension:minPinLength: true, webauthn:extension:prf: true, webauthn:virtualAuthenticators: true}
Element: [[ChromeDriver: chrome on windows (211c4dbd28b02ca745d57ffe019939ea)] -> id: remember]
Session ID: 211c4dbd28b02ca745d57ffe019939ea
at org.openqa.selenium.remote.ErrorCodec.decode(ErrorCodec.java:167)
at org.openqa.selenium.remote.codec.w3c.W3CHttpResponseCodec.decode(W3CHttpResponseCodec.java:138)
at org.openqa.selenium.remote.codec.w3c.W3CHttpResponseCodec.decode(W3CHttpResponseCodec.java:50)
at org.openqa.selenium.remote.HttpCommandExecutor.execute(HttpCommandExecutor.java:215)
at org.openqa.selenium.remote.service.DriverCommandExecutor.invokeExecute(DriverCommandExecutor.java:216)
at org.openqa.selenium.remote.service.DriverCommandExecutor.execute(DriverCommandExecutor.java:174)
at org.openqa.selenium.remote.RemoteWebDriver.execute(RemoteWebDriver.java:544)
at org.openqa.selenium.remote.RemoteWebElement.execute(RemoteWebElement.java:223)
at org.openqa.selenium.remote.RemoteWebElement.click(RemoteWebElement.java:76)
at org.openqa.selenium.support.pagefactory.internal.LocatingElementHandler.invoke(LocatingElementHandler.java:51)
at jdk.proxy2/jdk.proxy2.$Proxy16.click(Unknown Source)
at utilities.PageUtility.selectCheckBox(PageUtility.java:32)
at pages.LoginPage.checkBoxClick(LoginPage.java:61)
at testScripts.LoginTest.verifyLoginWithValidCredentials(LoginTest.java:24)
at java.base/java.util.ArrayList.forEach(ArrayList.java:1596)
... Removed 30 stack frames]]>
    </failure>
  </testcase> <!-- verifyLoginWithValidCredentials -->
  <testcase classname="testScripts.LoginTest" name="verifyLoginInvalidUserNameValidPassword" time="0.0">
    <ignored/>
  </testcase> <!-- verifyLoginInvalidUserNameValidPassword -->
  <testcase classname="testScripts.LoginTest" name="verifyLoginWithInvalidCredentials" time="0.0">
    <ignored/>
  </testcase> <!-- verifyLoginWithInvalidCredentials -->
  <testcase classname="testScripts.LoginTest" name="verifyLoginValidUserNameInvalidPassword" time="0.0">
    <ignored/>
  </testcase> <!-- verifyLoginValidUserNameInvalidPassword -->
</testsuite> <!-- Test -->
